============================= test session starts ==============================
platform linux -- Python 3.12.7, pytest-7.4.4, pluggy-1.0.0 -- /home/matis/anaconda3/bin/python
cachedir: .pytest_cache
rootdir: /home/matis/Desktop/projects/pdf
plugins: Faker-38.2.0, base-url-2.1.0, flask-1.3.0, mock-3.15.1, playwright-0.7.2, anyio-4.6.2
collecting ... collected 1 item

tests/test_frontend.py::test_password_pdf[chromium] FAILED

=================================== FAILURES ===================================
_________________________ test_password_pdf[chromium] __________________________

page = <Page url='about:blank'>, live_server_url = 'http://localhost:5001'

    def test_password_pdf(page: Page, live_server_url):
        """Test handling of password-protected PDFs."""
        from reportlab.pdfgen import canvas
        from reportlab.lib.pdfencrypt import StandardEncryption
    
        pdf_name = "encrypted.pdf"
        absolute_pdf_path = os.path.abspath(pdf_name)
        password = "secret_password"
    
        # Create encrypted PDF
>       c = canvas.Canvas(absolute_pdf_path, encrypt=StandardEncryption(password, owner=password, strength=128))
E       TypeError: StandardEncryption.__init__() got an unexpected keyword argument 'owner'

tests/test_frontend.py:158: TypeError
=============================== warnings summary ===============================
<frozen importlib._bootstrap>:488
  <frozen importlib._bootstrap>:488: DeprecationWarning: builtin type SwigPyPacked has no __module__ attribute

<frozen importlib._bootstrap>:488
  <frozen importlib._bootstrap>:488: DeprecationWarning: builtin type SwigPyObject has no __module__ attribute

<frozen importlib._bootstrap>:488
  <frozen importlib._bootstrap>:488: DeprecationWarning: Type google.protobuf.pyext._message.ScalarMapContainer uses PyType_Spec with a metaclass that has custom tp_new. This is deprecated and will no longer be allowed in Python 3.14.

<frozen importlib._bootstrap>:488
  <frozen importlib._bootstrap>:488: DeprecationWarning: Type google.protobuf.pyext._message.MessageMapContainer uses PyType_Spec with a metaclass that has custom tp_new. This is deprecated and will no longer be allowed in Python 3.14.

../../../anaconda3/lib/python3.12/site-packages/pydantic/_internal/_fields.py:161
  /home/matis/anaconda3/lib/python3.12/site-packages/pydantic/_internal/_fields.py:161: UserWarning: Field "model_path" has conflict with protected namespace "model_".
  
  You may be able to resolve this warning by setting `model_config['protected_namespaces'] = ()`.
    warnings.warn(

../../../anaconda3/lib/python3.12/site-packages/pydantic/_internal/_fields.py:161
  /home/matis/anaconda3/lib/python3.12/site-packages/pydantic/_internal/_fields.py:161: UserWarning: Field "model_spec" has conflict with protected namespace "model_".
  
  You may be able to resolve this warning by setting `model_config['protected_namespaces'] = ()`.
    warnings.warn(

-- Docs: https://docs.pytest.org/en/stable/how-to/capture-warnings.html
=========================== short test summary info ============================
FAILED tests/test_frontend.py::test_password_pdf[chromium] - TypeError: Stand...
======================== 1 failed, 6 warnings in 16.45s ========================
