============================= test session starts ==============================
platform linux -- Python 3.12.7, pytest-7.4.4, pluggy-1.0.0 -- /home/matis/anaconda3/bin/python
cachedir: .pytest_cache
rootdir: /home/matis/Desktop/projects/pdf
plugins: Faker-38.2.0, base-url-2.1.0, flask-1.3.0, mock-3.15.1, playwright-0.7.2, anyio-4.6.2
collecting ... collected 1 item

tests/test_frontend.py::test_password_pdf[chromium] FAILED

=================================== FAILURES ===================================
_________________________ test_password_pdf[chromium] __________________________

page = <Page url='http://localhost:5001/editor/encrypted.pdf'>
live_server_url = 'http://localhost:5001'

    def test_password_pdf(page: Page, live_server_url):
        """Test handling of password-protected PDFs."""
        from reportlab.pdfgen import canvas
        from reportlab.lib.pdfencrypt import StandardEncryption
    
        pdf_name = "encrypted.pdf"
        absolute_pdf_path = os.path.abspath(pdf_name)
        password = "secret_password"
    
        # Create encrypted PDF
        c = canvas.Canvas(absolute_pdf_path, encrypt=StandardEncryption(password, canPrint=0))
        c.drawString(100, 750, "Encrypted Content")
        c.save()
    
        try:
            page.goto(live_server_url)
    
            # Upload
            page.set_input_files("input#pdf_file", absolute_pdf_path)
            page.get_by_text("Upload & Edit").click()
    
            # Expect Password Modal
            expect(page.locator("#password-prompt-modal")).to_be_visible(timeout=10000)
    
            # Enter wrong password first
            page.fill("#pdf-open-password", "wrong")
>           page.click("text=Open")

tests/test_frontend.py:174: 
_ _ _ _ _ _ _ _ _ _ _ _ _ _ _ _ _ _ _ _ _ _ _ _ _ _ _ _ _ _ _ _ _ _ _ _ _ _ _ _ 
../../../anaconda3/lib/python3.12/site-packages/playwright/sync_api/_generated.py:9958: in click
    self._sync(
../../../anaconda3/lib/python3.12/site-packages/playwright/_impl/_page.py:854: in click
    return await self._main_frame._click(**locals_to_params(locals()))
../../../anaconda3/lib/python3.12/site-packages/playwright/_impl/_frame.py:566: in _click
    await self._channel.send("click", self._timeout, locals_to_params(locals()))
../../../anaconda3/lib/python3.12/site-packages/playwright/_impl/_connection.py:69: in send
    return await self._connection.wrap_api_call(
_ _ _ _ _ _ _ _ _ _ _ _ _ _ _ _ _ _ _ _ _ _ _ _ _ _ _ _ _ _ _ _ _ _ _ _ _ _ _ _ 

self = <playwright._impl._connection.Connection object at 0x74686d76bb30>
cb = <function Channel.send.<locals>.<lambda> at 0x74686d7f4180>
is_internal = False, title = None

    async def wrap_api_call(
        self, cb: Callable[[], Any], is_internal: bool = False, title: str = None
    ) -> Any:
        if self._api_zone.get():
            return await cb()
        task = asyncio.current_task(self._loop)
        st: List[inspect.FrameInfo] = getattr(
            task, "__pw_stack__", None
        ) or inspect.stack(0)
    
        parsed_st = _extract_stack_trace_information_from_stack(st, is_internal, title)
        self._api_zone.set(parsed_st)
        try:
            return await cb()
        except Exception as error:
>           raise rewrite_error(error, f"{parsed_st['apiName']}: {error}") from None
E           playwright._impl._errors.TimeoutError: Page.click: Timeout 30000ms exceeded.
E           Call log:
E             - waiting for locator("text=Open")
E               - locator resolved to 4 elements. Proceeding with the first one: <option value="odt">OpenDocument (.odt)</option>
E             - attempting click action
E               2 × waiting for element to be visible, enabled and stable
E                 - element is not visible
E               - retrying click action
E               - waiting 20ms
E               2 × waiting for element to be visible, enabled and stable
E                 - element is not visible
E               - retrying click action
E                 - waiting 100ms
E               58 × waiting for element to be visible, enabled and stable
E                  - element is not visible
E                - retrying click action
E                  - waiting 500ms

../../../anaconda3/lib/python3.12/site-packages/playwright/_impl/_connection.py:559: TimeoutError
=============================== warnings summary ===============================
<frozen importlib._bootstrap>:488
  <frozen importlib._bootstrap>:488: DeprecationWarning: builtin type SwigPyPacked has no __module__ attribute

<frozen importlib._bootstrap>:488
  <frozen importlib._bootstrap>:488: DeprecationWarning: builtin type SwigPyObject has no __module__ attribute

<frozen importlib._bootstrap>:488
  <frozen importlib._bootstrap>:488: DeprecationWarning: Type google.protobuf.pyext._message.ScalarMapContainer uses PyType_Spec with a metaclass that has custom tp_new. This is deprecated and will no longer be allowed in Python 3.14.

<frozen importlib._bootstrap>:488
  <frozen importlib._bootstrap>:488: DeprecationWarning: Type google.protobuf.pyext._message.MessageMapContainer uses PyType_Spec with a metaclass that has custom tp_new. This is deprecated and will no longer be allowed in Python 3.14.

../../../anaconda3/lib/python3.12/site-packages/pydantic/_internal/_fields.py:161
  /home/matis/anaconda3/lib/python3.12/site-packages/pydantic/_internal/_fields.py:161: UserWarning: Field "model_path" has conflict with protected namespace "model_".
  
  You may be able to resolve this warning by setting `model_config['protected_namespaces'] = ()`.
    warnings.warn(

../../../anaconda3/lib/python3.12/site-packages/pydantic/_internal/_fields.py:161
  /home/matis/anaconda3/lib/python3.12/site-packages/pydantic/_internal/_fields.py:161: UserWarning: Field "model_spec" has conflict with protected namespace "model_".
  
  You may be able to resolve this warning by setting `model_config['protected_namespaces'] = ()`.
    warnings.warn(

-- Docs: https://docs.pytest.org/en/stable/how-to/capture-warnings.html
=========================== short test summary info ============================
FAILED tests/test_frontend.py::test_password_pdf[chromium] - playwright._impl...
======================== 1 failed, 6 warnings in 49.24s ========================
sys:1: DeprecationWarning: builtin type swigvarlink has no __module__ attribute
