============================= test session starts ==============================
platform linux -- Python 3.12.7, pytest-7.4.4, pluggy-1.0.0 -- /home/matis/anaconda3/bin/python
cachedir: .pytest_cache
rootdir: /home/matis/Desktop/projects/pdf
plugins: Faker-38.2.0, base-url-2.1.0, flask-1.3.0, mock-3.15.1, playwright-0.7.2, anyio-4.6.2
collecting ... collected 1 item

tests/test_frontend.py::test_password_pdf[chromium] CONSOLE: Loading PDF with password: null
CONSOLE: Load failed: Input document to `PDFDocument.load` is encrypted. You can use `PDFDocument.load(..., { ignoreEncryption: true })` if you wish to load the document anyways.
CONSOLE: Loading PDF with password: ***
CONSOLE: Load failed: Input document to `PDFDocument.load` is encrypted. You can use `PDFDocument.load(..., { ignoreEncryption: true })` if you wish to load the document anyways.
CONSOLE: Loading PDF with password: ***
CONSOLE: Load failed: Input document to `PDFDocument.load` is encrypted. You can use `PDFDocument.load(..., { ignoreEncryption: true })` if you wish to load the document anyways.
FAILED

=================================== FAILURES ===================================
_________________________ test_password_pdf[chromium] __________________________

page = <Page url='http://localhost:5001/editor/encrypted.pdf'>
live_server_url = 'http://localhost:5001'

    def test_password_pdf(page: Page, live_server_url):
        """Test handling of password-protected PDFs."""
        from reportlab.pdfgen import canvas
        from reportlab.lib.pdfencrypt import StandardEncryption
    
        pdf_name = "encrypted.pdf"
        absolute_pdf_path = os.path.abspath(pdf_name)
        password = "secret_password"
    
        # Create encrypted PDF
        c = canvas.Canvas(absolute_pdf_path, encrypt=StandardEncryption(password, canPrint=0))
        c.drawString(100, 750, "Encrypted Content")
        c.save()
    
        try:
            page.on("console", lambda msg: print(f"CONSOLE: {msg.text}"))
            page.on("pageerror", lambda err: print(f"PAGEERROR: {err}"))
    
            page.goto(live_server_url)
    
            # Upload
            page.set_input_files("input#pdf_file", absolute_pdf_path)
            page.get_by_text("Upload & Edit").click()
    
            # Expect Password Modal
            expect(page.locator("#password-prompt-modal")).to_be_visible(timeout=10000)
    
            # Enter wrong password first
            page.fill("#pdf-open-password", "wrong")
            page.click("#password-prompt-modal button.btn-primary")
    
            # Verify it stays or shows error
            expect(page.locator("#password-prompt-modal")).to_be_visible()
    
            # Enter correct password
            page.fill("#pdf-open-password", password)
            page.click("#password-prompt-modal button.btn-primary")
    
            # Wait for modal to disappear
>           expect(page.locator("#password-prompt-modal")).not_to_be_visible()
E           AssertionError: Locator expected not to be visible
E           Actual value: visible 
E           Call log:
E             - Expect "to_be_visible" with timeout 5000ms
E             - waiting for locator("#password-prompt-modal")
E               9 × locator resolved to <div class="modal" data-bs-keyboard="false" data-bs-backdrop="static" id="password-prompt-modal">…</div>
E                 - unexpected value "visible"

tests/test_frontend.py:187: AssertionError
=============================== warnings summary ===============================
<frozen importlib._bootstrap>:488
  <frozen importlib._bootstrap>:488: DeprecationWarning: builtin type SwigPyPacked has no __module__ attribute

<frozen importlib._bootstrap>:488
  <frozen importlib._bootstrap>:488: DeprecationWarning: builtin type SwigPyObject has no __module__ attribute

<frozen importlib._bootstrap>:488
  <frozen importlib._bootstrap>:488: DeprecationWarning: Type google.protobuf.pyext._message.ScalarMapContainer uses PyType_Spec with a metaclass that has custom tp_new. This is deprecated and will no longer be allowed in Python 3.14.

<frozen importlib._bootstrap>:488
  <frozen importlib._bootstrap>:488: DeprecationWarning: Type google.protobuf.pyext._message.MessageMapContainer uses PyType_Spec with a metaclass that has custom tp_new. This is deprecated and will no longer be allowed in Python 3.14.

../../../anaconda3/lib/python3.12/site-packages/pydantic/_internal/_fields.py:161
  /home/matis/anaconda3/lib/python3.12/site-packages/pydantic/_internal/_fields.py:161: UserWarning: Field "model_path" has conflict with protected namespace "model_".
  
  You may be able to resolve this warning by setting `model_config['protected_namespaces'] = ()`.
    warnings.warn(

../../../anaconda3/lib/python3.12/site-packages/pydantic/_internal/_fields.py:161
  /home/matis/anaconda3/lib/python3.12/site-packages/pydantic/_internal/_fields.py:161: UserWarning: Field "model_spec" has conflict with protected namespace "model_".
  
  You may be able to resolve this warning by setting `model_config['protected_namespaces'] = ()`.
    warnings.warn(

-- Docs: https://docs.pytest.org/en/stable/how-to/capture-warnings.html
=========================== short test summary info ============================
FAILED tests/test_frontend.py::test_password_pdf[chromium] - AssertionError: ...
======================== 1 failed, 6 warnings in 21.40s ========================
sys:1: DeprecationWarning: builtin type swigvarlink has no __module__ attribute
